2021-09-02 02:27:58,001 - instabot version: 0.117.0 (bot) - INFO - Instabot version: 0.117.0 Started
2021-09-02 02:27:58,002 - instabot version: 0.117.0 (bot) - DEBUG - Bot imported from /Users/josephkadosh/PycharmProjects/InstaAutoPost/venv/lib/python3.9/site-packages/instabot/bot/bot.py
2021-09-02 02:27:58,004 - instabot version: 0.117.0 (api_login) - INFO - Not yet logged in starting: PRE-LOGIN FLOW!
2021-09-02 02:27:59,835 - instabot version: 0.117.0 (api) - DEBUG - POST to endpoint: accounts/get_prefill_candidates/ returned response: <Response [200]>
2021-09-02 02:28:01,189 - instabot version: 0.117.0 (api) - DEBUG - POST to endpoint: qe/sync/ returned response: <Response [200]>
2021-09-02 02:28:02,927 - instabot version: 0.117.0 (api) - DEBUG - POST to endpoint: launcher/sync/ returned response: <Response [200]>
2021-09-02 02:28:04,580 - instabot version: 0.117.0 (api) - DEBUG - POST to endpoint: accounts/contact_point_prefill/ returned response: <Response [200]>
2021-09-02 02:28:06,512 - instabot version: 0.117.0 (api) - DEBUG - POST to endpoint: accounts/login/ returned response: <Response [200]>
2021-09-02 02:28:06,513 - instabot version: 0.117.0 (api) - INFO - Logged-in successfully as 'terminal__shoes'!
2021-09-02 02:28:06,513 - instabot version: 0.117.0 (api_login) - INFO - LOGIN FLOW! Just logged-in: True
2021-09-02 02:28:08,358 - instabot version: 0.117.0 (api) - DEBUG - POST to endpoint: qe/sync/ returned response: <Response [200]>
2021-09-02 02:28:09,549 - instabot version: 0.117.0 (api) - DEBUG - POST to endpoint: launcher/sync/ returned response: <Response [200]>
2021-09-02 02:28:11,341 - instabot version: 0.117.0 (api) - DEBUG - GET to endpoint: zr/token/result/?device_id=android-4151cf149c3445e2&token_hash=&custom_device_id=android-4151cf149c3445e2&fetch_reason=token_expired returned response: <Response [200]>
2021-09-02 02:28:13,585 - instabot version: 0.117.0 (api) - DEBUG - GET to endpoint: multiple_accounts/get_account_family/ returned response: <Response [200]>
2021-09-02 02:28:14,712 - instabot version: 0.117.0 (api) - DEBUG - POST to endpoint: qe/sync/ returned response: <Response [200]>
2021-09-02 02:28:16,770 - instabot version: 0.117.0 (api) - DEBUG - GET to endpoint: igtv/browse_feed/?prefetch=1 returned response: <Response [200]>
2021-09-02 02:28:17,791 - instabot version: 0.117.0 (api) - DEBUG - POST to endpoint: creatives/ar_class/ returned response: <Response [200]>
2021-09-02 02:28:22,640 - instabot version: 0.117.0 (api) - DEBUG - POST to endpoint: feed/reels_tray/ returned response: <Response [200]>
2021-09-02 02:28:25,929 - instabot version: 0.117.0 (api) - DEBUG - POST to endpoint: feed/timeline/ returned response: <Response [200]>
2021-09-02 02:28:27,314 - instabot version: 0.117.0 (api) - DEBUG - GET to endpoint: media/blocked/ returned response: <Response [200]>
2021-09-02 02:28:29,991 - instabot version: 0.117.0 (api) - DEBUG - GET to endpoint: news/inbox/ returned response: <Response [200]>
2021-09-02 02:28:32,011 - instabot version: 0.117.0 (api) - DEBUG - GET to endpoint: loom/fetch_config/ returned response: <Response [200]>
2021-09-02 02:28:35,978 - instabot version: 0.117.0 (api) - DEBUG - GET to endpoint: scores/bootstrap/users/?surfaces=["autocomplete_user_list","coefficient_besties_list_ranking","coefficient_rank_recipient_user_suggestion","coefficient_ios_section_test_bootstrap_ranking","coefficient_direct_recipients_ranking_variant_2"] returned response: <Response [200]>
2021-09-02 02:28:36,870 - instabot version: 0.117.0 (api) - DEBUG - GET to endpoint: business/eligibility/get_monetization_products_eligibility_data/?product_types=branded_content returned response: <Response [200]>
2021-09-02 02:28:38,553 - instabot version: 0.117.0 (api) - DEBUG - GET to endpoint: business/branded_content/should_require_professional_account/ returned response: <Response [200]>
2021-09-02 02:28:40,678 - instabot version: 0.117.0 (api) - DEBUG - GET to endpoint: linked_accounts/get_linkage_status/ returned response: <Response [200]>
2021-09-02 02:28:42,378 - instabot version: 0.117.0 (api) - DEBUG - GET to endpoint: locations/request_country/ returned response: <Response [200]>
2021-09-02 02:28:43,210 - instabot version: 0.117.0 (api) - DEBUG - GET to endpoint: qp/get_cooldowns/?signed_body=signed_body=4b9c516a5410a3bc128e09c6104a7f042146b9c2023870560c63a43a7f66781c.4&ig_sig_key_version=4&ig_sig_key_version=4 returned response: <Response [200]>
2021-09-02 02:28:43,930 - instabot version: 0.117.0 (api) - DEBUG - GET to endpoint: users/arlink_download_info/?version_override=2.2.1 returned response: <Response [200]>
2021-09-02 02:28:46,239 - instabot version: 0.117.0 (api) - DEBUG - GET to endpoint: users/47334622529/info/ returned response: <Response [200]>
2021-09-02 02:28:49,037 - instabot version: 0.117.0 (api) - DEBUG - GET to endpoint: direct_v2/get_presence/ returned response: <Response [200]>
2021-09-02 02:28:51,341 - instabot version: 0.117.0 (api) - DEBUG - GET to endpoint: direct_v2/inbox/?visual_message_return_type=unseen&thread_message_limit=10&persistentBadging=true&limit=20 returned response: <Response [200]>
2021-09-02 02:28:52,377 - instabot version: 0.117.0 (api) - DEBUG - GET to endpoint: direct_v2/inbox/?visual_message_return_type=unseen&persistentBadging=true&limit=0 returned response: <Response [200]>
2021-09-02 02:28:55,639 - instabot version: 0.117.0 (api) - DEBUG - GET to endpoint: discover/topical_explore/?is_prefetch=true&omit_cover_media=true&use_sectional_payload=true&timezone_offset=0&session_id=93de8b40-f96d-4ab6-90ee-8e9b643017c7&include_fixed_destinations=true returned response: <Response [200]>
2021-09-02 02:28:57,215 - instabot version: 0.117.0 (api) - DEBUG - POST to endpoint: notifications/badge/ returned response: <Response [200]>
2021-09-02 02:28:58,338 - instabot version: 0.117.0 (api) - DEBUG - POST to endpoint: qp/batch_fetch/ returned response: <Response [200]>
2021-09-02 02:28:58,340 - instabot version: 0.117.0 (bot_checkpoint) - DEBUG - Loading Checkpoint file from: /Users/josephkadosh/PycharmProjects/InstaAutoPost/config/terminal__shoes.checkpoint
2021-09-02 02:30:10,383 - instabot version: 0.117.0 (api) - DEBUG - POST to endpoint: media/configure/? returned response: <Response [200]>
2021-09-02 02:30:16,654 - instabot version: 0.117.0 (api) - DEBUG - POST to endpoint: qe/expose/ returned response: <Response [200]>
2021-09-02 02:30:16,655 - instabot version: 0.117.0 (bot_photo) - INFO - Photo './PostsToUpload/2019-11-15_22-22-14_UTC.jpg' is uploaded.
2021-09-02 02:31:11,023 - instabot version: 0.117.0 (bot_checkpoint) - DEBUG - Saving Checkpoint file to: /Users/josephkadosh/PycharmProjects/InstaAutoPost/config/terminal__shoes.checkpoint
2021-09-02 02:31:11,023 - instabot version: 0.117.0 (bot) - INFO - Total requests: 33
2021-09-02 02:31:11,024 - instabot version: 0.117.0 (bot_checkpoint) - DEBUG - Saving Checkpoint file to: /Users/josephkadosh/PycharmProjects/InstaAutoPost/config/terminal__shoes.checkpoint
2021-09-02 02:31:11,024 - instabot version: 0.117.0 (bot) - INFO - Total requests: 33
